<?xml version="1.0" encoding="UTF-8"?>
<testng-results skipped="0" failed="0" ignored="0" total="2" passed="2">
  <reporter-output>
  </reporter-output>
  <suite name="Suite" duration-ms="27658" started-at="2018-10-01T14:34:59Z" finished-at="2018-10-01T14:35:26Z">
    <groups>
    </groups>
    <test name="Test" duration-ms="27658" started-at="2018-10-01T14:34:59Z" finished-at="2018-10-01T14:35:26Z">
      <class name="com.test.jenkins.JenkinsTest.App">
        <test-method status="PASS" signature="test()[pri:0, instance:com.test.jenkins.JenkinsTest.App@1f36e637]" name="test" duration-ms="27616" started-at="2018-10-01T14:34:59Z" finished-at="2018-10-01T14:35:26Z">
          <reporter-output>
          </reporter-output>
        </test-method> <!-- test -->
      </class> <!-- com.test.jenkins.JenkinsTest.App -->
      <class name="com.test.jenkins.JenkinsTest.AppTest">
        <test-method status="PASS" signature="test()[pri:0, instance:com.test.jenkins.JenkinsTest.AppTest@2758fe70]" name="test" duration-ms="9" started-at="2018-10-01T14:34:59Z" finished-at="2018-10-01T14:34:59Z">
          <reporter-output>
          </reporter-output>
        </test-method> <!-- test -->
      </class> <!-- com.test.jenkins.JenkinsTest.AppTest -->
    </test> <!-- Test -->
  </suite> <!-- Suite -->
</testng-results>
